<?xml version="1.0" encoding="UTF-8"?>
<testsuites name="jest tests" tests="4" failures="0" errors="0" time="0.204">
  <testsuite name="math.test.js" errors="0" failures="0" skipped="0" timestamp="2023-03-30T15:17:21" time="0.171" tests="4">
    <testcase classname="Math.js tests-should test  add  " name="Math.js tests-should test  add  " time="0.001">
    </testcase>
    <testcase classname="Math.js tests-Should test subtract" name="Math.js tests-Should test subtract" time="0">
    </testcase>
    <testcase classname="Math.js tests-Should test divide" name="Math.js tests-Should test divide" time="0">
    </testcase>
    <testcase classname="Math.js tests-Should test multiply" name="Math.js tests-Should test multiply" time="0">
    </testcase>
  </testsuite>
</testsuites>